2024-01-17 14:12:08.832 - EXP20240117-Block 3 - INFO - MAIN - trigger is off
2024-01-17 14:12:08.897 - EXP20240117-Block 3 - INFO - MAIN - finished cameras initialization for experiment
2024-01-17 14:12:16.995 - EXP20240117-Block 3 - INFO - MAIN - Trigger was off for 8.16 sec
2024-01-17 14:12:17.996 - Cam-top - INFO - FLIRCamera-1:8 - got frame from camera after waiting: 9.238 sec
2024-01-17 14:12:17.998 - Sink-top - INFO - ImageSink-1:9 - got frame in sink after waiting 9.239 sec (# frames: 1250)
2024-01-17 14:12:18.012 - Cam-left - INFO - FLIRCamera-1:10 - got frame from camera after waiting: 9.238 sec
2024-01-17 14:12:18.012 - Cam-back - INFO - FLIRCamera-1:6 - got frame from camera after waiting: 9.238 sec
2024-01-17 14:12:18.012 - Cam-right - INFO - FLIRCamera-1:12 - got frame from camera after waiting: 9.238 sec
2024-01-17 14:12:18.014 - Sink-left - INFO - ImageSink-1:11 - got frame in sink after waiting 9.239 sec (# frames: 1250)
2024-01-17 14:12:18.014 - Sink-back - INFO - ImageSink-1:7 - got frame in sink after waiting 9.239 sec (# frames: 1250)
2024-01-17 14:12:18.014 - Sink-right - INFO - ImageSink-1:13 - got frame in sink after waiting 9.239 sec (# frames: 1250)
2024-01-17 14:12:18.032 - Sink-top - INFO - ImageSink-1:9 - start video writing to /data/Pogona_Pursuit/output/experiments/PV161/20240117/block3/videos/top_20240117T141218.avi frame size: (1080, 1440)
2024-01-17 14:12:18.048 - Sink-left - INFO - ImageSink-1:11 - start video writing to /data/Pogona_Pursuit/output/experiments/PV161/20240117/block3/videos/left_20240117T141218.avi frame size: (1080, 1440)
2024-01-17 14:12:18.048 - Sink-right - INFO - ImageSink-1:13 - start video writing to /data/Pogona_Pursuit/output/experiments/PV161/20240117/block3/videos/right_20240117T141218.avi frame size: (1080, 1440)
2024-01-17 14:12:18.048 - Sink-back - INFO - ImageSink-1:7 - start video writing to /data/Pogona_Pursuit/output/experiments/PV161/20240117/block3/videos/back_20240117T141218.avi frame size: (1080, 1440)
2024-01-17 14:12:19.226 - EXP20240117-Block 3 - INFO - MAIN - (Extra Time Rec): waiting for 30 seconds...
2024-01-17 14:12:50.461 - EXP20240117-Block 3 - INFO - MAIN - Trial #1 started
2024-01-17 14:12:50.503 - EXP20240117-Block 3 - INFO - MAIN - (Trial 1): waiting for 40 seconds...
2024-01-17 14:12:56.111 - EXP20240117-Block 3 - DEBUG - MAIN - Trial ended
2024-01-17 14:12:56.185 - trial_data-Logger - DEBUG - MAIN - Creating analysis log: /data/Pogona_Pursuit/output/experiments/PV161/20240117/block3/bug_trajectory.csv
2024-01-17 14:12:57.230 - EXP20240117-Block 3 - INFO - MAIN - (ITI): waiting for 20 seconds...
2024-01-17 14:13:18.424 - EXP20240117-Block 3 - INFO - MAIN - Trial #2 started
2024-01-17 14:13:18.442 - EXP20240117-Block 3 - INFO - MAIN - (Trial 2): waiting for 40 seconds...
2024-01-17 14:13:20.945 - touch-Logger - INFO - MAIN - Received touch event; timestamp=2024-01-17 14:13:20.918000+02:00; time passed from last reward: 0.0 seconds
2024-01-17 14:13:20.962 - touch-Logger - DEBUG - MAIN - Creating analysis log: /data/Pogona_Pursuit/output/experiments/PV161/20240117/block3/screen_touches.csv
2024-01-17 14:13:20.970 - Periphery - INFO - MAIN - Reward was given by Feeder 1
2024-01-17 14:13:22.979 - EXP20240117-Block 3 - DEBUG - MAIN - Trial ended
2024-01-17 14:13:24.045 - EXP20240117-Block 3 - INFO - MAIN - (ITI): waiting for 20 seconds...
2024-01-17 14:13:45.195 - EXP20240117-Block 3 - INFO - MAIN - Trial #3 started
2024-01-17 14:13:45.232 - EXP20240117-Block 3 - INFO - MAIN - (Trial 3): waiting for 40 seconds...
2024-01-17 14:13:47.186 - touch-Logger - INFO - MAIN - Received touch event; timestamp=2024-01-17 14:13:47.172000+02:00; time passed from last reward: 26.3 seconds
2024-01-17 14:13:47.197 - Periphery - INFO - MAIN - Reward was given by Feeder 1
2024-01-17 14:13:49.243 - EXP20240117-Block 3 - DEBUG - MAIN - Trial ended
2024-01-17 14:13:50.308 - EXP20240117-Block 3 - INFO - MAIN - (ITI): waiting for 20 seconds...
2024-01-17 14:14:11.564 - EXP20240117-Block 3 - INFO - MAIN - Trial #4 started
2024-01-17 14:14:11.617 - EXP20240117-Block 3 - INFO - MAIN - (Trial 4): waiting for 40 seconds...
2024-01-17 14:14:17.224 - EXP20240117-Block 3 - DEBUG - MAIN - Trial ended
2024-01-17 14:14:18.288 - EXP20240117-Block 3 - INFO - MAIN - (ITI): waiting for 20 seconds...
2024-01-17 14:14:39.551 - EXP20240117-Block 3 - INFO - MAIN - Trial #5 started
2024-01-17 14:14:39.603 - EXP20240117-Block 3 - INFO - MAIN - (Trial 5): waiting for 40 seconds...
2024-01-17 14:14:45.230 - EXP20240117-Block 3 - DEBUG - MAIN - Trial ended
2024-01-17 14:14:46.261 - EXP20240117-Block 3 - INFO - MAIN - (ITI): waiting for 20 seconds...
2024-01-17 14:15:07.478 - EXP20240117-Block 3 - INFO - MAIN - Trial #6 started
2024-01-17 14:15:07.506 - EXP20240117-Block 3 - INFO - MAIN - (Trial 6): waiting for 40 seconds...
2024-01-17 14:15:13.170 - EXP20240117-Block 3 - DEBUG - MAIN - Trial ended
2024-01-17 14:15:14.278 - EXP20240117-Block 3 - INFO - MAIN - (ITI): waiting for 20 seconds...
2024-01-17 14:15:35.497 - EXP20240117-Block 3 - INFO - MAIN - Trial #7 started
2024-01-17 14:15:35.554 - EXP20240117-Block 3 - INFO - MAIN - (Trial 7): waiting for 40 seconds...
2024-01-17 14:15:41.190 - EXP20240117-Block 3 - DEBUG - MAIN - Trial ended
2024-01-17 14:15:42.249 - EXP20240117-Block 3 - INFO - MAIN - (ITI): waiting for 20 seconds...
2024-01-17 14:16:03.403 - EXP20240117-Block 3 - INFO - MAIN - Trial #8 started
2024-01-17 14:16:03.450 - EXP20240117-Block 3 - INFO - MAIN - (Trial 8): waiting for 40 seconds...
2024-01-17 14:16:08.700 - touch-Logger - INFO - MAIN - Received touch event; timestamp=2024-01-17 14:16:08.675000+02:00; time passed from last reward: 141.5 seconds
2024-01-17 14:16:08.705 - Periphery - INFO - MAIN - Reward was given by Feeder 1
2024-01-17 14:16:10.844 - EXP20240117-Block 3 - DEBUG - MAIN - Trial ended
2024-01-17 14:16:11.884 - EXP20240117-Block 3 - INFO - MAIN - (ITI): waiting for 20 seconds...
2024-01-17 14:16:33.035 - EXP20240117-Block 3 - INFO - MAIN - Trial #9 started
2024-01-17 14:16:33.068 - EXP20240117-Block 3 - INFO - MAIN - (Trial 9): waiting for 40 seconds...
2024-01-17 14:16:38.733 - EXP20240117-Block 3 - DEBUG - MAIN - Trial ended
2024-01-17 14:16:39.811 - EXP20240117-Block 3 - INFO - MAIN - (ITI): waiting for 20 seconds...
2024-01-17 14:17:01.005 - EXP20240117-Block 3 - INFO - MAIN - Trial #10 started
2024-01-17 14:17:01.053 - EXP20240117-Block 3 - INFO - MAIN - (Trial 10): waiting for 40 seconds...
2024-01-17 14:17:06.701 - EXP20240117-Block 3 - DEBUG - MAIN - Trial ended
2024-01-17 14:17:07.757 - EXP20240117-Block 3 - INFO - MAIN - (ITI): waiting for 20 seconds...
2024-01-17 14:17:28.918 - EXP20240117-Block 3 - INFO - MAIN - Trial #11 started
2024-01-17 14:17:28.980 - EXP20240117-Block 3 - INFO - MAIN - (Trial 11): waiting for 40 seconds...
2024-01-17 14:17:32.601 - touch-Logger - INFO - MAIN - Received touch event; timestamp=2024-01-17 14:17:32.588000+02:00; time passed from last reward: 83.9 seconds
2024-01-17 14:17:32.608 - Periphery - INFO - MAIN - Reward was given by Feeder 1
2024-01-17 14:17:34.749 - EXP20240117-Block 3 - DEBUG - MAIN - Trial ended
2024-01-17 14:17:35.841 - EXP20240117-Block 3 - INFO - MAIN - (ITI): waiting for 20 seconds...
2024-01-17 14:17:57.098 - EXP20240117-Block 3 - INFO - MAIN - Trial #12 started
2024-01-17 14:17:57.150 - EXP20240117-Block 3 - INFO - MAIN - (Trial 12): waiting for 40 seconds...
2024-01-17 14:18:02.752 - EXP20240117-Block 3 - DEBUG - MAIN - Trial ended
2024-01-17 14:18:03.841 - EXP20240117-Block 3 - INFO - MAIN - (ITI): waiting for 20 seconds...
2024-01-17 14:18:25.042 - EXP20240117-Block 3 - INFO - MAIN - Trial #13 started
2024-01-17 14:18:25.069 - EXP20240117-Block 3 - INFO - MAIN - (Trial 13): waiting for 40 seconds...
2024-01-17 14:18:30.802 - EXP20240117-Block 3 - DEBUG - MAIN - Trial ended
2024-01-17 14:18:31.823 - EXP20240117-Block 3 - INFO - MAIN - (ITI): waiting for 20 seconds...
2024-01-17 14:18:53.089 - EXP20240117-Block 3 - INFO - MAIN - Trial #14 started
2024-01-17 14:18:53.151 - EXP20240117-Block 3 - INFO - MAIN - (Trial 14): waiting for 40 seconds...
2024-01-17 14:18:58.736 - EXP20240117-Block 3 - DEBUG - MAIN - Trial ended
2024-01-17 14:18:59.774 - EXP20240117-Block 3 - INFO - MAIN - (ITI): waiting for 20 seconds...
2024-01-17 14:19:20.983 - EXP20240117-Block 3 - INFO - MAIN - Trial #15 started
2024-01-17 14:19:21.036 - EXP20240117-Block 3 - INFO - MAIN - (Trial 15): waiting for 40 seconds...
2024-01-17 14:19:26.656 - EXP20240117-Block 3 - DEBUG - MAIN - Trial ended
2024-01-17 14:19:27.725 - EXP20240117-Block 3 - INFO - MAIN - (ITI): waiting for 20 seconds...
2024-01-17 14:19:48.848 - EXP20240117-Block 3 - INFO - MAIN - Trial #16 started
2024-01-17 14:19:48.908 - EXP20240117-Block 3 - INFO - MAIN - (Trial 16): waiting for 40 seconds...
2024-01-17 14:19:49.841 - touch-Logger - INFO - MAIN - Received touch event; timestamp=2024-01-17 14:19:49.826000+02:00; time passed from last reward: 137.2 seconds
2024-01-17 14:19:49.847 - Periphery - INFO - MAIN - Reward was given by Feeder 1
2024-01-17 14:19:51.913 - EXP20240117-Block 3 - DEBUG - MAIN - Trial ended
2024-01-17 14:19:52.981 - EXP20240117-Block 3 - INFO - MAIN - (ITI): waiting for 20 seconds...
2024-01-17 14:20:14.253 - EXP20240117-Block 3 - INFO - MAIN - Trial #17 started
2024-01-17 14:20:14.348 - EXP20240117-Block 3 - INFO - MAIN - (Trial 17): waiting for 40 seconds...
2024-01-17 14:20:18.445 - touch-Logger - INFO - MAIN - Received touch event; timestamp=2024-01-17 14:20:18.430000+02:00; time passed from last reward: 28.6 seconds
2024-01-17 14:20:18.450 - Periphery - INFO - MAIN - Reward was given by Feeder 1
2024-01-17 14:20:20.530 - EXP20240117-Block 3 - DEBUG - MAIN - Trial ended
2024-01-17 14:20:21.563 - EXP20240117-Block 3 - INFO - MAIN - (ITI): waiting for 20 seconds...
2024-01-17 14:20:42.760 - EXP20240117-Block 3 - INFO - MAIN - Trial #18 started
2024-01-17 14:20:42.843 - EXP20240117-Block 3 - INFO - MAIN - (Trial 18): waiting for 40 seconds...
2024-01-17 14:20:48.503 - EXP20240117-Block 3 - DEBUG - MAIN - Trial ended
2024-01-17 14:20:49.584 - EXP20240117-Block 3 - INFO - MAIN - (ITI): waiting for 20 seconds...
2024-01-17 14:21:10.813 - EXP20240117-Block 3 - INFO - MAIN - Trial #19 started
2024-01-17 14:21:10.869 - EXP20240117-Block 3 - INFO - MAIN - (Trial 19): waiting for 40 seconds...
2024-01-17 14:21:16.509 - EXP20240117-Block 3 - DEBUG - MAIN - Trial ended
2024-01-17 14:21:17.643 - EXP20240117-Block 3 - INFO - MAIN - (ITI): waiting for 20 seconds...
2024-01-17 14:21:38.802 - EXP20240117-Block 3 - INFO - MAIN - Trial #20 started
2024-01-17 14:21:38.860 - EXP20240117-Block 3 - INFO - MAIN - (Trial 20): waiting for 40 seconds...
2024-01-17 14:21:44.416 - touch-Logger - INFO - MAIN - Received touch event; timestamp=2024-01-17 14:21:44.383000+02:00; time passed from last reward: 86.0 seconds
2024-01-17 14:21:44.421 - Periphery - INFO - MAIN - Reward was given by Feeder 1
2024-01-17 14:21:44.505 - EXP20240117-Block 3 - DEBUG - MAIN - Trial ended
2024-01-17 14:21:45.578 - EXP20240117-Block 3 - INFO - MAIN - (ITI): waiting for 20 seconds...
2024-01-17 14:21:46.418 - orm - WARNING - MAIN - Trial DB id: None was not found in DB; cancel update.
2024-01-17 14:22:05.729 - EXP20240117-Block 3 - INFO - MAIN - (Extra Time Rec): waiting for 30 seconds...
2024-01-17 14:22:37.974 - EXP20240117-Block 3 - INFO - MAIN - trigger is off
