2024-01-18 16:51:00.711 - EXP20240118-Block 5 - INFO - MAIN - trigger is off
2024-01-18 16:51:00.769 - EXP20240118-Block 5 - INFO - MAIN - finished cameras initialization for experiment
2024-01-18 16:51:08.746 - EXP20240118-Block 5 - INFO - MAIN - Trigger was off for 8.04 sec
2024-01-18 16:51:09.772 - Cam-top - INFO - FLIRCamera-1:8 - got frame from camera after waiting: 9.083 sec
2024-01-18 16:51:09.774 - Sink-top - INFO - ImageSink-1:9 - got frame in sink after waiting 9.085 sec (# frames: 1462)
2024-01-18 16:51:09.788 - Cam-back - INFO - FLIRCamera-1:6 - got frame from camera after waiting: 9.083 sec
2024-01-18 16:51:09.788 - Cam-right - INFO - FLIRCamera-1:12 - got frame from camera after waiting: 9.083 sec
2024-01-18 16:51:09.788 - Cam-left - INFO - FLIRCamera-1:10 - got frame from camera after waiting: 9.083 sec
2024-01-18 16:51:09.790 - Sink-back - INFO - ImageSink-1:7 - got frame in sink after waiting 9.084 sec (# frames: 1462)
2024-01-18 16:51:09.790 - Sink-right - INFO - ImageSink-1:13 - got frame in sink after waiting 9.084 sec (# frames: 1462)
2024-01-18 16:51:09.791 - Sink-left - INFO - ImageSink-1:11 - got frame in sink after waiting 9.084 sec (# frames: 1462)
2024-01-18 16:51:09.808 - Sink-top - INFO - ImageSink-1:9 - start video writing to /data/Pogona_Pursuit/output/experiments/PV161/20240118/block5/videos/top_20240118T165109.avi frame size: (1080, 1440)
2024-01-18 16:51:09.824 - Sink-back - INFO - ImageSink-1:7 - start video writing to /data/Pogona_Pursuit/output/experiments/PV161/20240118/block5/videos/back_20240118T165109.avi frame size: (1080, 1440)
2024-01-18 16:51:09.824 - Sink-right - INFO - ImageSink-1:13 - start video writing to /data/Pogona_Pursuit/output/experiments/PV161/20240118/block5/videos/right_20240118T165109.avi frame size: (1080, 1440)
2024-01-18 16:51:09.824 - Sink-left - INFO - ImageSink-1:11 - start video writing to /data/Pogona_Pursuit/output/experiments/PV161/20240118/block5/videos/left_20240118T165109.avi frame size: (1080, 1440)
2024-01-18 16:51:10.909 - EXP20240118-Block 5 - INFO - MAIN - (Extra Time Rec): waiting for 30 seconds...
2024-01-18 16:51:42.184 - EXP20240118-Block 5 - INFO - MAIN - Trial #1 started
2024-01-18 16:51:42.246 - EXP20240118-Block 5 - INFO - MAIN - (Trial 1): waiting for 15 seconds...
2024-01-18 16:51:43.437 - EXP20240118-Block 5 - DEBUG - MAIN - Trial ended
2024-01-18 16:51:43.539 - trial_data-Logger - DEBUG - MAIN - Creating analysis log: /data/Pogona_Pursuit/output/experiments/PV161/20240118/block5/bug_trajectory.csv
2024-01-18 16:51:44.515 - EXP20240118-Block 5 - INFO - MAIN - (ITI): waiting for 20 seconds...
2024-01-18 16:52:05.678 - EXP20240118-Block 5 - INFO - MAIN - Trial #2 started
2024-01-18 16:52:05.724 - EXP20240118-Block 5 - INFO - MAIN - (Trial 2): waiting for 15 seconds...
2024-01-18 16:52:06.989 - EXP20240118-Block 5 - DEBUG - MAIN - Trial ended
2024-01-18 16:52:08.032 - EXP20240118-Block 5 - INFO - MAIN - (ITI): waiting for 20 seconds...
2024-01-18 16:52:29.206 - EXP20240118-Block 5 - INFO - MAIN - Trial #3 started
2024-01-18 16:52:29.278 - EXP20240118-Block 5 - INFO - MAIN - (Trial 3): waiting for 15 seconds...
2024-01-18 16:52:30.569 - EXP20240118-Block 5 - DEBUG - MAIN - Trial ended
2024-01-18 16:52:31.664 - EXP20240118-Block 5 - INFO - MAIN - (ITI): waiting for 20 seconds...
2024-01-18 16:52:52.793 - EXP20240118-Block 5 - INFO - MAIN - Trial #4 started
2024-01-18 16:52:52.830 - EXP20240118-Block 5 - INFO - MAIN - (Trial 4): waiting for 15 seconds...
2024-01-18 16:52:54.080 - EXP20240118-Block 5 - DEBUG - MAIN - Trial ended
2024-01-18 16:52:55.124 - EXP20240118-Block 5 - INFO - MAIN - (ITI): waiting for 20 seconds...
2024-01-18 16:53:16.397 - EXP20240118-Block 5 - INFO - MAIN - Trial #5 started
2024-01-18 16:53:16.434 - EXP20240118-Block 5 - INFO - MAIN - (Trial 5): waiting for 15 seconds...
2024-01-18 16:53:16.948 - touch-Logger - INFO - MAIN - Received touch event; timestamp=2024-01-18 16:53:16.937000+02:00; time passed from last reward: 0.0 seconds
2024-01-18 16:53:16.953 - touch-Logger - DEBUG - MAIN - Creating analysis log: /data/Pogona_Pursuit/output/experiments/PV161/20240118/block5/screen_touches.csv
2024-01-18 16:53:16.958 - Periphery - INFO - MAIN - Reward was given by Feeder 1
2024-01-18 16:53:18.981 - EXP20240118-Block 5 - DEBUG - MAIN - Trial ended
2024-01-18 16:53:20.019 - EXP20240118-Block 5 - INFO - MAIN - (ITI): waiting for 20 seconds...
2024-01-18 16:53:41.163 - EXP20240118-Block 5 - INFO - MAIN - Trial #6 started
2024-01-18 16:53:41.195 - EXP20240118-Block 5 - INFO - MAIN - (Trial 6): waiting for 15 seconds...
2024-01-18 16:53:41.781 - touch-Logger - INFO - MAIN - Received touch event; timestamp=2024-01-18 16:53:41.748000+02:00; time passed from last reward: 24.8 seconds
2024-01-18 16:53:41.787 - Periphery - INFO - MAIN - Reward was given by Feeder 1
2024-01-18 16:53:43.876 - EXP20240118-Block 5 - DEBUG - MAIN - Trial ended
2024-01-18 16:53:44.943 - EXP20240118-Block 5 - INFO - MAIN - (ITI): waiting for 20 seconds...
2024-01-18 16:54:06.157 - EXP20240118-Block 5 - INFO - MAIN - Trial #7 started
2024-01-18 16:54:06.199 - EXP20240118-Block 5 - INFO - MAIN - (Trial 7): waiting for 15 seconds...
2024-01-18 16:54:06.575 - touch-Logger - INFO - MAIN - Received touch event; timestamp=2024-01-18 16:54:06.545000+02:00; time passed from last reward: 24.8 seconds
2024-01-18 16:54:06.580 - Periphery - INFO - MAIN - Reward was given by Feeder 1
2024-01-18 16:54:08.618 - EXP20240118-Block 5 - DEBUG - MAIN - Trial ended
2024-01-18 16:54:09.675 - EXP20240118-Block 5 - INFO - MAIN - (ITI): waiting for 20 seconds...
2024-01-18 16:54:30.900 - EXP20240118-Block 5 - INFO - MAIN - Trial #8 started
2024-01-18 16:54:30.958 - EXP20240118-Block 5 - INFO - MAIN - (Trial 8): waiting for 15 seconds...
2024-01-18 16:54:32.200 - EXP20240118-Block 5 - DEBUG - MAIN - Trial ended
2024-01-18 16:54:33.236 - EXP20240118-Block 5 - INFO - MAIN - (ITI): waiting for 20 seconds...
2024-01-18 16:54:54.443 - EXP20240118-Block 5 - INFO - MAIN - Trial #9 started
2024-01-18 16:54:54.476 - EXP20240118-Block 5 - INFO - MAIN - (Trial 9): waiting for 15 seconds...
2024-01-18 16:54:55.785 - EXP20240118-Block 5 - DEBUG - MAIN - Trial ended
2024-01-18 16:54:56.827 - EXP20240118-Block 5 - INFO - MAIN - (ITI): waiting for 20 seconds...
2024-01-18 16:55:18.001 - EXP20240118-Block 5 - INFO - MAIN - Trial #10 started
2024-01-18 16:55:18.043 - EXP20240118-Block 5 - INFO - MAIN - (Trial 10): waiting for 15 seconds...
2024-01-18 16:55:19.342 - EXP20240118-Block 5 - DEBUG - MAIN - Trial ended
2024-01-18 16:55:20.390 - EXP20240118-Block 5 - INFO - MAIN - (ITI): waiting for 20 seconds...
2024-01-18 16:55:41.601 - EXP20240118-Block 5 - INFO - MAIN - Trial #11 started
2024-01-18 16:55:41.637 - EXP20240118-Block 5 - INFO - MAIN - (Trial 11): waiting for 15 seconds...
2024-01-18 16:55:42.905 - EXP20240118-Block 5 - DEBUG - MAIN - Trial ended
2024-01-18 16:55:43.968 - EXP20240118-Block 5 - INFO - MAIN - (ITI): waiting for 20 seconds...
2024-01-18 16:56:05.182 - EXP20240118-Block 5 - INFO - MAIN - Trial #12 started
2024-01-18 16:56:05.214 - EXP20240118-Block 5 - INFO - MAIN - (Trial 12): waiting for 15 seconds...
2024-01-18 16:56:06.428 - touch-Logger - INFO - MAIN - Received touch event; timestamp=2024-01-18 16:56:06.400000+02:00; time passed from last reward: 119.9 seconds
2024-01-18 16:56:06.434 - Periphery - INFO - MAIN - Reward was given by Feeder 1
2024-01-18 16:56:06.503 - EXP20240118-Block 5 - DEBUG - MAIN - Trial ended
2024-01-18 16:56:07.594 - EXP20240118-Block 5 - INFO - MAIN - (ITI): waiting for 20 seconds...
2024-01-18 16:56:08.426 - orm - WARNING - MAIN - Trial DB id: None was not found in DB; cancel update.
2024-01-18 16:56:28.764 - EXP20240118-Block 5 - INFO - MAIN - Trial #13 started
2024-01-18 16:56:28.799 - EXP20240118-Block 5 - INFO - MAIN - (Trial 13): waiting for 15 seconds...
2024-01-18 16:56:30.109 - EXP20240118-Block 5 - DEBUG - MAIN - Trial ended
2024-01-18 16:56:31.165 - EXP20240118-Block 5 - INFO - MAIN - (ITI): waiting for 20 seconds...
2024-01-18 16:56:52.351 - EXP20240118-Block 5 - INFO - MAIN - Trial #14 started
2024-01-18 16:56:52.388 - EXP20240118-Block 5 - INFO - MAIN - (Trial 14): waiting for 15 seconds...
2024-01-18 16:56:53.710 - EXP20240118-Block 5 - DEBUG - MAIN - Trial ended
2024-01-18 16:56:54.768 - EXP20240118-Block 5 - INFO - MAIN - (ITI): waiting for 20 seconds...
2024-01-18 16:57:15.933 - EXP20240118-Block 5 - INFO - MAIN - Trial #15 started
2024-01-18 16:57:15.975 - EXP20240118-Block 5 - INFO - MAIN - (Trial 15): waiting for 15 seconds...
2024-01-18 16:57:17.285 - EXP20240118-Block 5 - DEBUG - MAIN - Trial ended
2024-01-18 16:57:18.359 - EXP20240118-Block 5 - INFO - MAIN - (ITI): waiting for 20 seconds...
2024-01-18 16:57:39.565 - EXP20240118-Block 5 - INFO - MAIN - Trial #16 started
2024-01-18 16:57:39.618 - EXP20240118-Block 5 - INFO - MAIN - (Trial 16): waiting for 15 seconds...
2024-01-18 16:57:40.922 - EXP20240118-Block 5 - DEBUG - MAIN - Trial ended
2024-01-18 16:57:41.998 - EXP20240118-Block 5 - INFO - MAIN - (ITI): waiting for 20 seconds...
2024-01-18 16:58:03.236 - EXP20240118-Block 5 - INFO - MAIN - Trial #17 started
2024-01-18 16:58:03.294 - EXP20240118-Block 5 - INFO - MAIN - (Trial 17): waiting for 15 seconds...
2024-01-18 16:58:04.157 - touch-Logger - INFO - MAIN - Received touch event; timestamp=2024-01-18 16:58:04.152000+02:00; time passed from last reward: 117.8 seconds
2024-01-18 16:58:04.162 - Periphery - INFO - MAIN - Reward was given by Feeder 1
2024-01-18 16:58:06.236 - EXP20240118-Block 5 - DEBUG - MAIN - Trial ended
2024-01-18 16:58:07.280 - EXP20240118-Block 5 - INFO - MAIN - (ITI): waiting for 20 seconds...
2024-01-18 16:58:28.493 - EXP20240118-Block 5 - INFO - MAIN - Trial #18 started
2024-01-18 16:58:28.545 - EXP20240118-Block 5 - INFO - MAIN - (Trial 18): waiting for 15 seconds...
2024-01-18 16:58:29.871 - EXP20240118-Block 5 - DEBUG - MAIN - Trial ended
2024-01-18 16:58:30.968 - EXP20240118-Block 5 - INFO - MAIN - (ITI): waiting for 20 seconds...
2024-01-18 16:58:52.149 - EXP20240118-Block 5 - INFO - MAIN - Trial #19 started
2024-01-18 16:58:52.192 - EXP20240118-Block 5 - INFO - MAIN - (Trial 19): waiting for 15 seconds...
2024-01-18 16:58:53.505 - EXP20240118-Block 5 - DEBUG - MAIN - Trial ended
2024-01-18 16:58:54.562 - EXP20240118-Block 5 - INFO - MAIN - (ITI): waiting for 20 seconds...
2024-01-18 16:59:15.777 - EXP20240118-Block 5 - INFO - MAIN - Trial #20 started
2024-01-18 16:59:15.830 - EXP20240118-Block 5 - INFO - MAIN - (Trial 20): waiting for 15 seconds...
2024-01-18 16:59:17.177 - EXP20240118-Block 5 - DEBUG - MAIN - Trial ended
2024-01-18 16:59:18.231 - EXP20240118-Block 5 - INFO - MAIN - (ITI): waiting for 20 seconds...
2024-01-18 16:59:38.351 - EXP20240118-Block 5 - INFO - MAIN - (Extra Time Rec): waiting for 30 seconds...
2024-01-18 17:00:10.621 - EXP20240118-Block 5 - INFO - MAIN - trigger is off
